15-Nov-2025 15:06:10.625 INFO [main] org.apache.catalina.startup.VersionLoggerListener.log Имя версии сервера:    Apache Tomcat/11.0.13
15-Nov-2025 15:06:10.628 INFO [main] org.apache.catalina.startup.VersionLoggerListener.log Сервер собран:         Oct 10 2025 13:57:31 UTC
15-Nov-2025 15:06:10.628 INFO [main] org.apache.catalina.startup.VersionLoggerListener.log Номер версии сервера:  11.0.13.0
15-Nov-2025 15:06:10.628 INFO [main] org.apache.catalina.startup.VersionLoggerListener.log OS Name:               Linux
15-Nov-2025 15:06:10.628 INFO [main] org.apache.catalina.startup.VersionLoggerListener.log Версия ОС:             6.14.0-35-generic
15-Nov-2025 15:06:10.628 INFO [main] org.apache.catalina.startup.VersionLoggerListener.log Архитектура:           amd64
15-Nov-2025 15:06:10.628 INFO [main] org.apache.catalina.startup.VersionLoggerListener.log Java Home:             /home/palmadae/.jdks/corretto-22.0.2
15-Nov-2025 15:06:10.628 INFO [main] org.apache.catalina.startup.VersionLoggerListener.log Версия JVM:            22.0.2+9-FR
15-Nov-2025 15:06:10.628 INFO [main] org.apache.catalina.startup.VersionLoggerListener.log Производитель JVM:     Amazon.com Inc.
15-Nov-2025 15:06:10.628 INFO [main] org.apache.catalina.startup.VersionLoggerListener.log CATALINA_BASE:         /home/palmadae/IdeaProjects/test
15-Nov-2025 15:06:10.629 INFO [main] org.apache.catalina.startup.VersionLoggerListener.log CATALINA_HOME:         /home/palmadae/Downloads/apache-tomcat-11.0.13
15-Nov-2025 15:06:10.632 INFO [main] org.apache.catalina.startup.VersionLoggerListener.log Command line argument: --add-opens=java.base/java.lang=ALL-UNNAMED
15-Nov-2025 15:06:10.632 INFO [main] org.apache.catalina.startup.VersionLoggerListener.log Command line argument: --add-opens=java.base/java.io=ALL-UNNAMED
15-Nov-2025 15:06:10.633 INFO [main] org.apache.catalina.startup.VersionLoggerListener.log Command line argument: --add-opens=java.base/java.util=ALL-UNNAMED
15-Nov-2025 15:06:10.633 INFO [main] org.apache.catalina.startup.VersionLoggerListener.log Command line argument: --add-opens=java.base/java.util.concurrent=ALL-UNNAMED
15-Nov-2025 15:06:10.633 INFO [main] org.apache.catalina.startup.VersionLoggerListener.log Command line argument: --add-opens=java.rmi/sun.rmi.transport=ALL-UNNAMED
15-Nov-2025 15:06:10.633 INFO [main] org.apache.catalina.startup.VersionLoggerListener.log Command line argument: -Dcatalina.home=/home/palmadae/Downloads/apache-tomcat-11.0.13
15-Nov-2025 15:06:10.633 INFO [main] org.apache.catalina.startup.VersionLoggerListener.log Command line argument: -Dcatalina.base=/home/palmadae/IdeaProjects/test
15-Nov-2025 15:06:10.633 INFO [main] org.apache.catalina.startup.VersionLoggerListener.log Command line argument: -Djava.io.tmpdir=/home/palmadae/IdeaProjects/test/temp
15-Nov-2025 15:06:10.633 INFO [main] org.apache.catalina.startup.VersionLoggerListener.log Command line argument: -Djava.util.logging.config.file=/home/palmadae/IdeaProjects/test/conf/logging.properties
15-Nov-2025 15:06:10.633 INFO [main] org.apache.catalina.startup.VersionLoggerListener.log Command line argument: -Djava.util.logging.manager=org.apache.juli.ClassLoaderLogManager
15-Nov-2025 15:06:10.633 INFO [main] org.apache.catalina.startup.VersionLoggerListener.log Command line argument: -javaagent:/home/palmadae/idea-IU-251.25410.129/lib/idea_rt.jar=38559
15-Nov-2025 15:06:10.633 INFO [main] org.apache.catalina.startup.VersionLoggerListener.log Command line argument: -Dfile.encoding=UTF-8
15-Nov-2025 15:06:10.633 INFO [main] org.apache.catalina.startup.VersionLoggerListener.log Command line argument: -Dsun.stdout.encoding=UTF-8
15-Nov-2025 15:06:10.633 INFO [main] org.apache.catalina.startup.VersionLoggerListener.log Command line argument: -Dsun.stderr.encoding=UTF-8
15-Nov-2025 15:06:10.634 INFO [main] org.apache.catalina.core.AprLifecycleListener.lifecycleEvent The Apache Tomcat Native library which allows using OpenSSL was not found on the java.library.path: [/usr/java/packages/lib:/usr/lib64:/lib64:/lib:/usr/lib]
15-Nov-2025 15:06:10.867 INFO [main] org.apache.coyote.AbstractProtocol.init Инициализация ProtocolHandler ["http-nio-8080"]
15-Nov-2025 15:06:10.884 INFO [main] org.apache.catalina.startup.Catalina.load Server initialization in [367] milliseconds
15-Nov-2025 15:06:10.919 INFO [main] org.apache.catalina.core.StandardService.startInternal Starting service [Catalina]
15-Nov-2025 15:06:10.919 INFO [main] org.apache.catalina.core.StandardEngine.startInternal Starting Servlet engine: [Apache Tomcat/11.0.13]
15-Nov-2025 15:06:10.923 INFO [main] org.apache.catalina.startup.HostConfig.deployDescriptor Deploying deployment descriptor [/home/palmadae/IdeaProjects/test/conf/Catalina/localhost/ROOT.xml]
15-Nov-2025 15:06:11.356 INFO [main] org.apache.jasper.servlet.TldScanner.scanJars At least one JAR was scanned for TLDs yet contained no TLDs. Enable debug logging for this logger for a complete list of JARs that were scanned but no TLDs were found in them. Skipping unneeded JARs during scanning can improve startup time and JSP compilation time.
15-Nov-2025 15:06:11.379 INFO [main] org.apache.catalina.startup.HostConfig.deployDescriptor Deployment of deployment descriptor [/home/palmadae/IdeaProjects/test/conf/Catalina/localhost/ROOT.xml] has finished in [454] ms
15-Nov-2025 15:06:11.381 INFO [main] org.apache.coyote.AbstractProtocol.start Starting ProtocolHandler ["http-nio-8080"]
15-Nov-2025 15:06:11.387 INFO [main] org.apache.catalina.startup.Catalina.start Server startup in [500] milliseconds
15-Nov-2025 15:06:29.650 INFO [Thread-1] org.apache.coyote.AbstractProtocol.pause Pausing ProtocolHandler ["http-nio-8080"]
15-Nov-2025 15:06:29.651 INFO [Thread-1] org.apache.catalina.core.StandardService.stopInternal Stopping service [Catalina]
15-Nov-2025 15:06:29.659 INFO [Thread-1] org.apache.coyote.AbstractProtocol.stop Stopping ProtocolHandler ["http-nio-8080"]
15-Nov-2025 15:06:29.662 INFO [Thread-1] org.apache.coyote.AbstractProtocol.destroy Destroying ProtocolHandler ["http-nio-8080"]
