15-Nov-2025 17:01:26.136 SEVERE [main] org.apache.catalina.core.StandardContext.listenerStart Exception sending context initialized event to listener instance of class [ru.itis.oris.test.util.AppContextListener]
	java.lang.ExceptionInInitializerError
		at ru.itis.oris.test.util.AppContextListener.contextInitialized(AppContextListener.java:17)
		at org.apache.catalina.core.StandardContext.listenerStart(StandardContext.java:4003)
		at org.apache.catalina.core.StandardContext.startInternal(StandardContext.java:4426)
		at org.apache.catalina.util.LifecycleBase.start(LifecycleBase.java:164)
		at org.apache.catalina.core.ContainerBase.addChild(ContainerBase.java:564)
		at org.apache.catalina.core.StandardHost.addChild(StandardHost.java:650)
		at org.apache.catalina.startup.HostConfig.deployDescriptor(HostConfig.java:590)
		at org.apache.catalina.startup.HostConfig$DeployDescriptor.run(HostConfig.java:1828)
		at java.base/java.util.concurrent.Executors$RunnableAdapter.call(Executors.java:545)
		at java.base/java.util.concurrent.FutureTask.run(FutureTask.java:328)
		at org.apache.tomcat.util.threads.InlineExecutorService.execute(InlineExecutorService.java:81)
		at java.base/java.util.concurrent.AbstractExecutorService.submit(AbstractExecutorService.java:124)
		at org.apache.catalina.startup.HostConfig.deployDescriptors(HostConfig.java:485)
		at org.apache.catalina.startup.HostConfig.deployApps(HostConfig.java:376)
		at org.apache.catalina.startup.HostConfig.start(HostConfig.java:1579)
		at org.apache.catalina.startup.HostConfig.lifecycleEvent(HostConfig.java:262)
		at org.apache.catalina.util.LifecycleBase.fireLifecycleEvent(LifecycleBase.java:109)
		at org.apache.catalina.util.LifecycleBase.setStateInternal(LifecycleBase.java:389)
		at org.apache.catalina.util.LifecycleBase.setState(LifecycleBase.java:336)
		at org.apache.catalina.core.ContainerBase.startInternal(ContainerBase.java:741)
		at org.apache.catalina.core.StandardHost.startInternal(StandardHost.java:767)
		at org.apache.catalina.util.LifecycleBase.start(LifecycleBase.java:164)
		at org.apache.catalina.core.ContainerBase$StartChild.call(ContainerBase.java:1162)
		at org.apache.catalina.core.ContainerBase$StartChild.call(ContainerBase.java:1158)
		at java.base/java.util.concurrent.FutureTask.run(FutureTask.java:328)
		at org.apache.tomcat.util.threads.InlineExecutorService.execute(InlineExecutorService.java:81)
		at java.base/java.util.concurrent.AbstractExecutorService.submit(AbstractExecutorService.java:148)
		at org.apache.catalina.core.ContainerBase.startInternal(ContainerBase.java:714)
		at org.apache.catalina.core.StandardEngine.startInternal(StandardEngine.java:201)
		at org.apache.catalina.util.LifecycleBase.start(LifecycleBase.java:164)
		at org.apache.catalina.core.StandardService.startInternal(StandardService.java:410)
		at org.apache.catalina.util.LifecycleBase.start(LifecycleBase.java:164)
		at org.apache.catalina.core.StandardServer.startInternal(StandardServer.java:864)
		at org.apache.catalina.util.LifecycleBase.start(LifecycleBase.java:164)
		at org.apache.catalina.startup.Catalina.start(Catalina.java:756)
		at java.base/jdk.internal.reflect.DirectMethodHandleAccessor.invoke(DirectMethodHandleAccessor.java:104)
		at java.base/java.lang.reflect.Method.invoke(Method.java:565)
		at org.apache.catalina.startup.Bootstrap.start(Bootstrap.java:339)
		at org.apache.catalina.startup.Bootstrap.main(Bootstrap.java:470)
	Caused by: java.lang.RuntimeException: java.lang.ClassNotFoundException: com.mysql.cj.jdbc.Driver
		at ru.itis.oris.test.util.DBConnection.<clinit>(DBConnection.java:13)
		... 39 more
	Caused by: java.lang.ClassNotFoundException: com.mysql.cj.jdbc.Driver
		at org.apache.catalina.loader.WebappClassLoaderBase.loadClass(WebappClassLoaderBase.java:1225)
		at org.apache.catalina.loader.WebappClassLoaderBase.loadClass(WebappClassLoaderBase.java:1056)
		at java.base/java.lang.Class.forName0(Native Method)
		at java.base/java.lang.Class.forName(Class.java:463)
		at java.base/java.lang.Class.forName(Class.java:454)
		at ru.itis.oris.test.util.DBConnection.<clinit>(DBConnection.java:11)
		... 39 more
